==77390== Cachegrind, a cache and branch-prediction profiler
==77390== Copyright (C) 2002-2017, and GNU GPL'd, by Nicholas Nethercote et al.
==77390== Using Valgrind-3.16.1 and LibVEX; rerun with -h for copyright info
==77390== Command: ./loop_merge
==77390== 
--77390-- warning: L3 cache found, using its data for the LL simulation.
==77390== 
==77390== I   refs:      2,926,400
==77390== I1  misses:          857
==77390== LLi misses:          856
==77390== I1  miss rate:      0.03%
==77390== LLi miss rate:      0.03%
==77390== 
==77390== D   refs:      1,641,434  (1,430,105 rd   + 211,329 wr)
==77390== D1  misses:       39,379  (   26,319 rd   +  13,060 wr)
==77390== LLd misses:       39,248  (   26,203 rd   +  13,045 wr)
==77390== D1  miss rate:       2.4% (      1.8%     +     6.2%  )
==77390== LLd miss rate:       2.4% (      1.8%     +     6.2%  )
==77390== 
==77390== LL refs:          40,236  (   27,176 rd   +  13,060 wr)
==77390== LL misses:        40,104  (   27,059 rd   +  13,045 wr)
==77390== LL miss rate:        0.9% (      0.6%     +     6.2%  )
