==77881== Cachegrind, a cache and branch-prediction profiler
==77881== Copyright (C) 2002-2017, and GNU GPL'd, by Nicholas Nethercote et al.
==77881== Using Valgrind-3.16.1 and LibVEX; rerun with -h for copyright info
==77881== Command: ./loop_merge
==77881== 
--77881-- warning: L3 cache found, using its data for the LL simulation.
==77881== 
==77881== I   refs:      2,926,400
==77881== I1  misses:          857
==77881== LLi misses:          856
==77881== I1  miss rate:      0.03%
==77881== LLi miss rate:      0.03%
==77881== 
==77881== D   refs:      1,641,434  (1,430,105 rd   + 211,329 wr)
==77881== D1  misses:       39,301  (   26,251 rd   +  13,050 wr)
==77881== LLd misses:       39,245  (   26,200 rd   +  13,045 wr)
==77881== D1  miss rate:       2.4% (      1.8%     +     6.2%  )
==77881== LLd miss rate:       2.4% (      1.8%     +     6.2%  )
==77881== 
==77881== LL refs:          40,158  (   27,108 rd   +  13,050 wr)
==77881== LL misses:        40,101  (   27,056 rd   +  13,045 wr)
==77881== LL miss rate:        0.9% (      0.6%     +     6.2%  )
