==77078== Cachegrind, a cache and branch-prediction profiler
==77078== Copyright (C) 2002-2017, and GNU GPL'd, by Nicholas Nethercote et al.
==77078== Using Valgrind-3.16.1 and LibVEX; rerun with -h for copyright info
==77078== Command: ./loop_merge
==77078== 
--77078-- warning: L3 cache found, using its data for the LL simulation.
==77078== 
==77078== I   refs:      2,926,400
==77078== I1  misses:          857
==77078== LLi misses:          856
==77078== I1  miss rate:      0.03%
==77078== LLi miss rate:      0.03%
==77078== 
==77078== D   refs:      1,641,434  (1,430,105 rd   + 211,329 wr)
==77078== D1  misses:       39,475  (   26,405 rd   +  13,070 wr)
==77078== LLd misses:       39,240  (   26,195 rd   +  13,045 wr)
==77078== D1  miss rate:       2.4% (      1.8%     +     6.2%  )
==77078== LLd miss rate:       2.4% (      1.8%     +     6.2%  )
==77078== 
==77078== LL refs:          40,332  (   27,262 rd   +  13,070 wr)
==77078== LL misses:        40,096  (   27,051 rd   +  13,045 wr)
==77078== LL miss rate:        0.9% (      0.6%     +     6.2%  )
