--------------------------------------------------------------------------------
I1 cache:         32768 B, 64 B, 8-way associative
D1 cache:         65536 B, 64 B, 8-way associative
LL cache:         131072 B, 64 B, 8-way associative
Command:          ./loop_merge_opt
Data file:        cachegrind.out.78182
Events recorded:  Ir I1mr ILmr Dr D1mr DLmr Dw D1mw DLmw
Events shown:     Ir I1mr ILmr Dr D1mr DLmr Dw D1mw DLmw
Event sort order: Ir I1mr ILmr Dr D1mr DLmr Dw D1mw DLmw
Thresholds:       0.1 100 100 100 100 100 100 100 100
Include dirs:     
User annotated:   /home/alumnos/a0452172/lab3/loop_merge_opt.cpp
Auto-annotation:  on

--------------------------------------------------------------------------------
Ir                 I1mr         ILmr         Dr                 D1mr            DLmr            Dw               D1mw            DLmw            
--------------------------------------------------------------------------------
2,526,397 (100.0%) 857 (100.0%) 856 (100.0%) 1,230,104 (100.0%) 13,744 (100.0%) 13,694 (100.0%) 211,328 (100.0%) 13,049 (100.0%) 13,044 (100.0%)  PROGRAM TOTALS

--------------------------------------------------------------------------------
Ir                 I1mr        ILmr        Dr                 D1mr            DLmr            Dw               D1mw            DLmw             file:function
--------------------------------------------------------------------------------
2,400,010 (95.00%)  1 ( 0.12%)  1 ( 0.12%) 1,200,003 (97.55%) 12,500 (90.95%) 12,500 (91.28%) 200,003 (94.64%) 12,500 (95.79%) 12,500 (95.83%)  /home/alumnos/a0452172/lab3/loop_merge_opt.cpp:main
   21,525 ( 0.85%) 17 ( 1.98%) 17 ( 1.99%)     6,940 ( 0.56%)    127 ( 0.92%)    124 ( 0.91%)   3,532 ( 1.67%)      3 ( 0.02%)      3 ( 0.02%)  ./elf/dl-lookup.c:do_lookup_x
   20,675 ( 0.82%)  5 ( 0.58%)  5 ( 0.58%)     3,949 ( 0.32%)     21 ( 0.15%)     21 ( 0.15%)       6 ( 0.00%)      0               0           ./elf/dl-tunables.c:__GI___tunables_init
   18,266 ( 0.72%) 10 ( 1.17%) 10 ( 1.17%)     3,911 ( 0.32%)     79 ( 0.57%)     78 ( 0.57%)   1,959 ( 0.93%)      1 ( 0.01%)      1 ( 0.01%)  ./elf/dl-lookup.c:_dl_lookup_symbol_x
   17,842 ( 0.71%) 21 ( 2.45%) 21 ( 2.45%)     4,237 ( 0.34%)    406 ( 2.95%)    399 ( 2.91%)   2,046 ( 0.97%)    251 ( 1.92%)    249 ( 1.91%)  ./elf/../sysdeps/x86_64/dl-machine.h:_dl_relocate_object
    9,273 ( 0.37%) 14 ( 1.63%) 14 ( 1.64%)     2,217 ( 0.18%)    243 ( 1.77%)    241 ( 1.76%)     250 ( 0.12%)      0               0           ./elf/do-rel.h:_dl_relocate_object
    5,794 ( 0.23%) 31 ( 3.62%) 31 ( 3.62%)       991 ( 0.08%)     19 ( 0.14%)     19 ( 0.14%)       0               0               0           ./string/../sysdeps/x86_64/strcmp.S:strcmp
    4,990 ( 0.20%)  1 ( 0.12%)  1 ( 0.12%)     1,042 ( 0.08%)      8 ( 0.06%)      8 ( 0.06%)       0               0               0           ./elf/dl-tunables.h:__GI___tunables_init
    4,405 ( 0.17%)  6 ( 0.70%)  6 ( 0.70%)     1,467 ( 0.12%)     29 ( 0.21%)     27 ( 0.20%)     498 ( 0.24%)      0               0           ./elf/dl-lookup.c:check_match

--------------------------------------------------------------------------------
-- User-annotated source: /home/alumnos/a0452172/lab3/loop_merge_opt.cpp
--------------------------------------------------------------------------------
Ir                 I1mr       ILmr       Dr               D1mr            DLmr            Dw               D1mw           DLmw           

        3 ( 0.00%) 0          0                0               0               0                1 ( 0.00%)     0              0           int main(){
        1 ( 0.00%) 0          0                0               0               0                1 ( 0.00%)     0              0             constexpr int maxsize = 100000;
        .          .          .                .               .               .                .              .              .           
        .          .          .                .               .               .                .              .              .             float u[maxsize];
        .          .          .                .               .               .                .              .              .             float v[maxsize];
        .          .          .                .               .               .                .              .              .             float z[maxsize];
        .          .          .                .               .               .                .              .              .             float t[maxsize];
        .          .          .                .               .               .                .              .              .           
  400,003 (15.83%) 1 ( 0.12%) 1 ( 0.12%) 200,001 (16.26%)      0               0                1 ( 0.00%)     0              0             for (int i=0; i<maxsize; ++i) {
1,000,000 (39.58%) 0          0          500,000 (40.65%) 12,500 (90.95%) 12,500 (91.28%) 100,000 (47.32%) 6,250 (47.90%) 6,250 (47.91%)      u[i] = z[i] + t[i];
1,000,000 (39.58%) 0          0          500,000 (40.65%)      0               0          100,000 (47.32%) 6,250 (47.90%) 6,250 (47.91%)      v[i] = u[i] + t[i];
        .          .          .                .               .               .                .              .              .             }
        3 ( 0.00%) 0          0                2 ( 0.00%)      0               0                0              0              0           }

--------------------------------------------------------------------------------
The following files chosen for auto-annotation could not be found:
--------------------------------------------------------------------------------
  ./elf/../sysdeps/x86_64/dl-machine.h
  ./elf/dl-lookup.c
  ./elf/dl-tunables.c
  ./elf/dl-tunables.h
  ./elf/do-rel.h
  ./string/../sysdeps/x86_64/strcmp.S

--------------------------------------------------------------------------------
Ir                 I1mr       ILmr       Dr                 D1mr            DLmr            Dw               D1mw            DLmw            
--------------------------------------------------------------------------------
2,400,010 (95.00%) 1 ( 0.12%) 1 ( 0.12%) 1,200,003 (97.55%) 12,500 (90.95%) 12,500 (91.28%) 200,003 (94.64%) 12,500 (95.79%) 12,500 (95.83%)  events annotated

